<?xml version="1.0" encoding="UTF-8"?>
<testsuite name="com.practice.by.yevhen.app.CosmosDBTest" tests="1" skipped="0" failures="0" errors="0" timestamp="2021-12-09T12:40:33" hostname="EPUAKHAW0B0E" time="1.28">
  <properties/>
  <testcase name="shouldVerifySuccessfullyConnectionToTheCosmosDB" classname="com.practice.by.yevhen.app.CosmosDBTest" time="1.28"/>
  <system-out><![CDATA[14:40:12.754 [Test worker] INFO  o.t.d.DockerClientProviderStrategy - Loaded org.testcontainers.dockerclient.NpipeSocketClientProviderStrategy from ~/.testcontainers.properties, will try it first
14:40:13.192 [Test worker] INFO  o.t.d.DockerClientProviderStrategy - Found Docker environment with local Npipe socket (npipe:////./pipe/docker_engine)
14:40:13.194 [Test worker] INFO  o.testcontainers.DockerClientFactory - Docker host IP address is localhost
14:40:13.226 [Test worker] INFO  o.testcontainers.DockerClientFactory - Connected to docker: 
  Server Version: 20.10.8
  API Version: 1.41
  Operating System: Docker Desktop
  Total Memory: 25328 MB
14:40:13.230 [Test worker] INFO  o.t.utility.ImageNameSubstitutor - Image name substitution will be performed by: DefaultImageNameSubstitutor (composite of 'ConfigurationFileImageNameSubstitutor' and 'PrefixingImageNameSubstitutor')
14:40:13.423 [Test worker] INFO  o.t.utility.RegistryAuthLocator - Credential helper/store (docker-credential-desktop) does not have credentials for index.docker.io
14:40:14.745 [Test worker] INFO  o.testcontainers.DockerClientFactory - Ryuk started - will monitor and terminate Testcontainers containers on JVM exit
14:40:14.745 [Test worker] INFO  o.testcontainers.DockerClientFactory - Checking the system...
14:40:14.747 [Test worker] INFO  o.testcontainers.DockerClientFactory - ?? Docker server version should be at least 1.6.0
14:40:15.734 [Test worker] INFO  o.testcontainers.DockerClientFactory - ?? Docker environment should have more than 2GB free disk space
14:40:15.752 [Test worker] INFO  d.m.com/cosmosdb/linux/azure-cosmos-emulator:latest] - Creating container for image: mcr.microsoft.com/cosmosdb/linux/azure-cosmos-emulator:latest
14:40:15.814 [Test worker] INFO  o.t.utility.RegistryAuthLocator - Credential helper/store (docker-credential-desktop) does not have credentials for mcr.microsoft.com
14:40:15.871 [Test worker] INFO  d.m.com/cosmosdb/linux/azure-cosmos-emulator:latest] - Starting container with ID: 13add861a46d0042d0a9a728080ada7c14f976f754239598498ce0ac130986d8
14:40:16.291 [Test worker] INFO  d.m.com/cosmosdb/linux/azure-cosmos-emulator:latest] - Container mcr.microsoft.com/cosmosdb/linux/azure-cosmos-emulator:latest is starting: 13add861a46d0042d0a9a728080ada7c14f976f754239598498ce0ac130986d8
14:40:27.223 [Test worker] INFO  d.m.com/cosmosdb/linux/azure-cosmos-emulator:latest] - Container mcr.microsoft.com/cosmosdb/linux/azure-cosmos-emulator:latest started in PT11.4883273S

  .   ____          _            __ _ _
 /\\ / ___'_ __ _ _(_)_ __  __ _ \ \ \ \
( ( )\___ | '_ | '_| | '_ \/ _` | \ \ \ \
 \\/  ___)| |_)| | | | | || (_| |  ) ) ) )
  '  |____| .__|_| |_|_| |_\__, | / / / /
 =========|_|==============|___/=/_/_/_/
 :: Spring Boot ::                (v2.6.1)

14:40:28.052 [Test worker] INFO  c.p.by.yevhen.app.CosmosDBTest - Starting CosmosDBTest using Java 11.0.11 on EPUAKHAW0B0E with PID 18120 (started by Oleksandr_Lisichenko in C:\YevhenTask\app)
14:40:28.053 [Test worker] INFO  c.p.by.yevhen.app.CosmosDBTest - No active profile set, falling back to default profiles: default
14:40:28.073 [background-preinit] INFO  o.h.validator.internal.util.Version - HV000001: Hibernate Validator 6.2.0.Final
14:40:29.067 [Test worker] INFO  o.s.d.r.c.RepositoryConfigurationDelegate - Bootstrapping Spring Data MongoDB repositories in DEFAULT mode.
14:40:29.284 [Test worker] INFO  o.s.d.r.c.RepositoryConfigurationDelegate - Finished Spring Data repository scanning in 199 ms. Found 1 MongoDB repository interfaces.
14:40:29.802 [Test worker] INFO  o.s.i.c.DefaultConfiguringBeanFactoryPostProcessor - No bean named 'errorChannel' has been explicitly defined. Therefore, a default PublishSubscribeChannel will be created.
14:40:29.822 [Test worker] INFO  o.s.i.c.DefaultConfiguringBeanFactoryPostProcessor - No bean named 'integrationHeaderChannelRegistry' has been explicitly defined. Therefore, a default DefaultHeaderChannelRegistry will be created.
14:40:30.380 [Test worker] INFO  o.s.c.s.PostProcessorRegistrationDelegate$BeanPostProcessorChecker - Bean 'org.springframework.integration.config.IntegrationManagementConfiguration' of type [org.springframework.integration.config.IntegrationManagementConfiguration] is not eligible for getting processed by all BeanPostProcessors (for example: not eligible for auto-proxying)
14:40:30.425 [Test worker] INFO  o.s.c.s.PostProcessorRegistrationDelegate$BeanPostProcessorChecker - Bean 'integrationChannelResolver' of type [org.springframework.integration.support.channel.BeanFactoryChannelResolver] is not eligible for getting processed by all BeanPostProcessors (for example: not eligible for auto-proxying)
14:40:30.431 [Test worker] INFO  o.s.c.s.PostProcessorRegistrationDelegate$BeanPostProcessorChecker - Bean 'integrationDisposableAutoCreatedBeans' of type [org.springframework.integration.config.annotation.Disposables] is not eligible for getting processed by all BeanPostProcessors (for example: not eligible for auto-proxying)
14:40:30.696 [Test worker] INFO  org.mongodb.driver.cluster - Cluster created with settings {hosts=[127.0.0.1:27017], mode=SINGLE, requiredClusterType=UNKNOWN, serverSelectionTimeout='30000 ms', maxWaitQueueSize=500}
14:40:30.844 [cluster-ClusterId{value='61b1f93e5b75d52671a9c0e8', description='null'}-127.0.0.1:27017] INFO  org.mongodb.driver.connection - Opened connection [connectionId{localValue:1, serverValue:68}] to 127.0.0.1:27017
14:40:30.852 [cluster-ClusterId{value='61b1f93e5b75d52671a9c0e8', description='null'}-127.0.0.1:27017] INFO  org.mongodb.driver.cluster - Monitor thread successfully connected to server with description ServerDescription{address=127.0.0.1:27017, type=STANDALONE, state=CONNECTED, ok=true, version=ServerVersion{versionList=[5, 0, 2]}, minWireVersion=0, maxWireVersion=13, maxDocumentSize=16777216, logicalSessionTimeoutMinutes=30, roundTripTimeNanos=5224300}
14:40:32.964 [Test worker] INFO  o.s.c.f.c.c.BeanFactoryAwareFunctionRegistry - Can't determine default function definition. Please use 'spring.cloud.function.definition' property to explicitly define it.
14:40:33.288 [Test worker] INFO  o.s.i.endpoint.EventDrivenConsumer - Adding {logging-channel-adapter:_org.springframework.integration.errorLogger} as a subscriber to the 'errorChannel' channel
14:40:33.289 [Test worker] INFO  o.s.i.c.PublishSubscribeChannel - Channel 'application.errorChannel' has 1 subscriber(s).
14:40:33.290 [Test worker] INFO  o.s.i.endpoint.EventDrivenConsumer - started bean '_org.springframework.integration.errorLogger'
14:40:33.308 [Test worker] INFO  c.p.by.yevhen.app.CosmosDBTest - Started CosmosDBTest in 6.019 seconds (JVM running for 22.182)
14:40:34.481 [Test worker] INFO  org.mongodb.driver.connection - Opened connection [connectionId{localValue:2, serverValue:69}] to 127.0.0.1:27017
]]></system-out>
  <system-err><![CDATA[]]></system-err>
</testsuite>
