<?xml version="1.0" encoding="UTF-8"?>
<testsuite name="com.practice.by.yevhen.app.CosmosDBTest" tests="1" skipped="0" failures="0" errors="0" timestamp="2021-12-16T17:52:28" hostname="EPUAKHAW0B0E" time="1.94">
  <properties/>
  <testcase name="shouldVerifySuccessfullyConnectionToTheCosmosDB" classname="com.practice.by.yevhen.app.CosmosDBTest" time="1.94"/>
  <system-out><![CDATA[19:51:53.351 [Test worker] INFO  o.t.d.DockerClientProviderStrategy - Loaded org.testcontainers.dockerclient.NpipeSocketClientProviderStrategy from ~/.testcontainers.properties, will try it first
19:51:54.263 [Test worker] INFO  o.t.d.DockerClientProviderStrategy - Found Docker environment with local Npipe socket (npipe:////./pipe/docker_engine)
19:51:54.266 [Test worker] INFO  o.testcontainers.DockerClientFactory - Docker host IP address is localhost
19:51:54.330 [Test worker] INFO  o.testcontainers.DockerClientFactory - Connected to docker: 
  Server Version: 20.10.8
  API Version: 1.41
  Operating System: Docker Desktop
  Total Memory: 25328 MB
19:51:54.338 [Test worker] INFO  o.t.utility.ImageNameSubstitutor - Image name substitution will be performed by: DefaultImageNameSubstitutor (composite of 'ConfigurationFileImageNameSubstitutor' and 'PrefixingImageNameSubstitutor')
19:51:54.774 [Test worker] INFO  o.t.utility.RegistryAuthLocator - Credential helper/store (docker-credential-desktop) does not have credentials for index.docker.io
19:51:57.794 [Test worker] INFO  o.testcontainers.DockerClientFactory - Ryuk started - will monitor and terminate Testcontainers containers on JVM exit
19:51:57.794 [Test worker] INFO  o.testcontainers.DockerClientFactory - Checking the system...
19:51:57.797 [Test worker] INFO  o.testcontainers.DockerClientFactory - ?? Docker server version should be at least 1.6.0
19:51:58.819 [Test worker] INFO  o.testcontainers.DockerClientFactory - ?? Docker environment should have more than 2GB free disk space
19:51:58.866 [Test worker] INFO  d.m.com/cosmosdb/linux/azure-cosmos-emulator:latest] - Creating container for image: mcr.microsoft.com/cosmosdb/linux/azure-cosmos-emulator:latest
19:51:58.974 [Test worker] INFO  o.t.utility.RegistryAuthLocator - Credential helper/store (docker-credential-desktop) does not have credentials for mcr.microsoft.com
19:51:59.227 [Test worker] INFO  d.m.com/cosmosdb/linux/azure-cosmos-emulator:latest] - Starting container with ID: 657c1f44c31f4d4a6daa658ee449c523091aad51ecfb82d0b74f692295c9bec4
19:52:00.393 [Test worker] INFO  d.m.com/cosmosdb/linux/azure-cosmos-emulator:latest] - Container mcr.microsoft.com/cosmosdb/linux/azure-cosmos-emulator:latest is starting: 657c1f44c31f4d4a6daa658ee449c523091aad51ecfb82d0b74f692295c9bec4
19:52:20.714 [Test worker] INFO  d.m.com/cosmosdb/linux/azure-cosmos-emulator:latest] - Container mcr.microsoft.com/cosmosdb/linux/azure-cosmos-emulator:latest started in PT21.8947984S

  .   ____          _            __ _ _
 /\\ / ___'_ __ _ _(_)_ __  __ _ \ \ \ \
( ( )\___ | '_ | '_| | '_ \/ _` | \ \ \ \
 \\/  ___)| |_)| | | | | || (_| |  ) ) ) )
  '  |____| .__|_| |_|_| |_\__, | / / / /
 =========|_|==============|___/=/_/_/_/
 :: Spring Boot ::                (v2.6.1)

19:52:21.852 [Test worker] INFO  c.p.by.yevhen.app.CosmosDBTest - Starting CosmosDBTest using Java 11.0.11 on EPUAKHAW0B0E with PID 4836 (started by Oleksandr_Lisichenko in C:\YevhenTask\app)
19:52:21.853 [Test worker] INFO  c.p.by.yevhen.app.CosmosDBTest - No active profile set, falling back to default profiles: default
19:52:21.880 [background-preinit] INFO  o.h.validator.internal.util.Version - HV000001: Hibernate Validator 6.2.0.Final
19:52:23.013 [Test worker] INFO  o.s.d.r.c.RepositoryConfigurationDelegate - Bootstrapping Spring Data MongoDB repositories in DEFAULT mode.
19:52:23.261 [Test worker] INFO  o.s.d.r.c.RepositoryConfigurationDelegate - Finished Spring Data repository scanning in 234 ms. Found 1 MongoDB repository interfaces.
19:52:23.851 [Test worker] INFO  o.s.i.c.DefaultConfiguringBeanFactoryPostProcessor - No bean named 'errorChannel' has been explicitly defined. Therefore, a default PublishSubscribeChannel will be created.
19:52:23.877 [Test worker] INFO  o.s.i.c.DefaultConfiguringBeanFactoryPostProcessor - No bean named 'integrationHeaderChannelRegistry' has been explicitly defined. Therefore, a default DefaultHeaderChannelRegistry will be created.
19:52:24.440 [Test worker] INFO  o.s.c.s.PostProcessorRegistrationDelegate$BeanPostProcessorChecker - Bean 'org.springframework.integration.config.IntegrationManagementConfiguration' of type [org.springframework.integration.config.IntegrationManagementConfiguration] is not eligible for getting processed by all BeanPostProcessors (for example: not eligible for auto-proxying)
19:52:24.491 [Test worker] INFO  o.s.c.s.PostProcessorRegistrationDelegate$BeanPostProcessorChecker - Bean 'integrationChannelResolver' of type [org.springframework.integration.support.channel.BeanFactoryChannelResolver] is not eligible for getting processed by all BeanPostProcessors (for example: not eligible for auto-proxying)
19:52:24.495 [Test worker] INFO  o.s.c.s.PostProcessorRegistrationDelegate$BeanPostProcessorChecker - Bean 'integrationDisposableAutoCreatedBeans' of type [org.springframework.integration.config.annotation.Disposables] is not eligible for getting processed by all BeanPostProcessors (for example: not eligible for auto-proxying)
19:52:24.781 [Test worker] INFO  org.mongodb.driver.cluster - Cluster created with settings {hosts=[127.0.0.1:27017], mode=SINGLE, requiredClusterType=UNKNOWN, serverSelectionTimeout='30000 ms', maxWaitQueueSize=500}
19:52:24.936 [cluster-ClusterId{value='61bb7cd80ddfa9443f9516c2', description='null'}-127.0.0.1:27017] INFO  org.mongodb.driver.connection - Opened connection [connectionId{localValue:1, serverValue:37}] to 127.0.0.1:27017
19:52:24.947 [cluster-ClusterId{value='61bb7cd80ddfa9443f9516c2', description='null'}-127.0.0.1:27017] INFO  org.mongodb.driver.cluster - Monitor thread successfully connected to server with description ServerDescription{address=127.0.0.1:27017, type=STANDALONE, state=CONNECTED, ok=true, version=ServerVersion{versionList=[5, 0, 2]}, minWireVersion=0, maxWireVersion=13, maxDocumentSize=16777216, logicalSessionTimeoutMinutes=30, roundTripTimeNanos=7607800}
19:52:28.009 [Test worker] INFO  o.s.c.f.c.c.BeanFactoryAwareFunctionRegistry - Can't determine default function definition. Please use 'spring.cloud.function.definition' property to explicitly define it.
19:52:28.510 [Test worker] INFO  o.s.i.endpoint.EventDrivenConsumer - Adding {logging-channel-adapter:_org.springframework.integration.errorLogger} as a subscriber to the 'errorChannel' channel
19:52:28.510 [Test worker] INFO  o.s.i.c.PublishSubscribeChannel - Channel 'application.errorChannel' has 1 subscriber(s).
19:52:28.511 [Test worker] INFO  o.s.i.endpoint.EventDrivenConsumer - started bean '_org.springframework.integration.errorLogger'
19:52:28.551 [Test worker] INFO  c.p.by.yevhen.app.CosmosDBTest - Started CosmosDBTest in 7.719 seconds (JVM running for 38.257)
19:52:30.320 [Test worker] INFO  org.mongodb.driver.connection - Opened connection [connectionId{localValue:2, serverValue:38}] to 127.0.0.1:27017
]]></system-out>
  <system-err><![CDATA[]]></system-err>
</testsuite>
