<?xml version="1.0" encoding="UTF-8"?>
<testsuite name="com.practice.by.yevhen.app.CosmosDBTest" tests="1" skipped="0" failures="0" errors="0" timestamp="2021-12-17T09:22:32" hostname="EPUAKHAW0B0E" time="2.612">
  <properties/>
  <testcase name="shouldVerifySuccessfullyConnectionToTheCosmosDB" classname="com.practice.by.yevhen.app.CosmosDBTest" time="2.612"/>
  <system-out><![CDATA[11:21:54.770 [Test worker] INFO  o.t.d.DockerClientProviderStrategy - Loaded org.testcontainers.dockerclient.NpipeSocketClientProviderStrategy from ~/.testcontainers.properties, will try it first
11:21:56.406 [Test worker] INFO  o.t.d.DockerClientProviderStrategy - Found Docker environment with local Npipe socket (npipe:////./pipe/docker_engine)
11:21:56.410 [Test worker] INFO  o.testcontainers.DockerClientFactory - Docker host IP address is localhost
11:21:56.494 [Test worker] INFO  o.testcontainers.DockerClientFactory - Connected to docker: 
  Server Version: 20.10.8
  API Version: 1.41
  Operating System: Docker Desktop
  Total Memory: 25328 MB
11:21:56.505 [Test worker] INFO  o.t.utility.ImageNameSubstitutor - Image name substitution will be performed by: DefaultImageNameSubstitutor (composite of 'ConfigurationFileImageNameSubstitutor' and 'PrefixingImageNameSubstitutor')
11:21:57.045 [Test worker] INFO  o.t.utility.RegistryAuthLocator - Credential helper/store (docker-credential-desktop) does not have credentials for index.docker.io
11:21:59.706 [Test worker] INFO  o.testcontainers.DockerClientFactory - Ryuk started - will monitor and terminate Testcontainers containers on JVM exit
11:21:59.706 [Test worker] INFO  o.testcontainers.DockerClientFactory - Checking the system...
11:21:59.709 [Test worker] INFO  o.testcontainers.DockerClientFactory - ?? Docker server version should be at least 1.6.0
11:22:03.385 [Test worker] INFO  o.testcontainers.DockerClientFactory - ?? Docker environment should have more than 2GB free disk space
11:22:03.429 [Test worker] INFO  d.m.com/cosmosdb/linux/azure-cosmos-emulator:latest] - Creating container for image: mcr.microsoft.com/cosmosdb/linux/azure-cosmos-emulator:latest
11:22:03.553 [Test worker] INFO  o.t.utility.RegistryAuthLocator - Credential helper/store (docker-credential-desktop) does not have credentials for mcr.microsoft.com
11:22:03.792 [Test worker] INFO  d.m.com/cosmosdb/linux/azure-cosmos-emulator:latest] - Starting container with ID: 522fdbcddcf5ed88e41cd67c69275de3776d2cf0860562a8b101810ace50be5e
11:22:04.966 [Test worker] INFO  d.m.com/cosmosdb/linux/azure-cosmos-emulator:latest] - Container mcr.microsoft.com/cosmosdb/linux/azure-cosmos-emulator:latest is starting: 522fdbcddcf5ed88e41cd67c69275de3776d2cf0860562a8b101810ace50be5e
11:22:23.411 [Test worker] INFO  d.m.com/cosmosdb/linux/azure-cosmos-emulator:latest] - Container mcr.microsoft.com/cosmosdb/linux/azure-cosmos-emulator:latest started in PT20.0258748S

  .   ____          _            __ _ _
 /\\ / ___'_ __ _ _(_)_ __  __ _ \ \ \ \
( ( )\___ | '_ | '_| | '_ \/ _` | \ \ \ \
 \\/  ___)| |_)| | | | | || (_| |  ) ) ) )
  '  |____| .__|_| |_|_| |_\__, | / / / /
 =========|_|==============|___/=/_/_/_/
 :: Spring Boot ::                (v2.6.1)

11:22:24.500 [Test worker] INFO  c.p.by.yevhen.app.CosmosDBTest - Starting CosmosDBTest using Java 11.0.11 on EPUAKHAW0B0E with PID 20956 (started by Oleksandr_Lisichenko in C:\YevhenTask\app)
11:22:24.501 [Test worker] INFO  c.p.by.yevhen.app.CosmosDBTest - No active profile set, falling back to default profiles: default
11:22:24.525 [background-preinit] INFO  o.h.validator.internal.util.Version - HV000001: Hibernate Validator 6.2.0.Final
11:22:25.746 [Test worker] INFO  o.s.d.r.c.RepositoryConfigurationDelegate - Bootstrapping Spring Data MongoDB repositories in DEFAULT mode.
11:22:26.040 [Test worker] INFO  o.s.d.r.c.RepositoryConfigurationDelegate - Finished Spring Data repository scanning in 282 ms. Found 1 MongoDB repository interfaces.
11:22:26.714 [Test worker] INFO  o.s.i.c.DefaultConfiguringBeanFactoryPostProcessor - No bean named 'errorChannel' has been explicitly defined. Therefore, a default PublishSubscribeChannel will be created.
11:22:26.736 [Test worker] INFO  o.s.i.c.DefaultConfiguringBeanFactoryPostProcessor - No bean named 'integrationHeaderChannelRegistry' has been explicitly defined. Therefore, a default DefaultHeaderChannelRegistry will be created.
11:22:27.482 [Test worker] INFO  o.s.c.s.PostProcessorRegistrationDelegate$BeanPostProcessorChecker - Bean 'org.springframework.integration.config.IntegrationManagementConfiguration' of type [org.springframework.integration.config.IntegrationManagementConfiguration] is not eligible for getting processed by all BeanPostProcessors (for example: not eligible for auto-proxying)
11:22:27.541 [Test worker] INFO  o.s.c.s.PostProcessorRegistrationDelegate$BeanPostProcessorChecker - Bean 'integrationChannelResolver' of type [org.springframework.integration.support.channel.BeanFactoryChannelResolver] is not eligible for getting processed by all BeanPostProcessors (for example: not eligible for auto-proxying)
11:22:27.551 [Test worker] INFO  o.s.c.s.PostProcessorRegistrationDelegate$BeanPostProcessorChecker - Bean 'integrationDisposableAutoCreatedBeans' of type [org.springframework.integration.config.annotation.Disposables] is not eligible for getting processed by all BeanPostProcessors (for example: not eligible for auto-proxying)
11:22:27.888 [Test worker] INFO  org.mongodb.driver.cluster - Cluster created with settings {hosts=[127.0.0.1:27017], mode=SINGLE, requiredClusterType=UNKNOWN, serverSelectionTimeout='30000 ms', maxWaitQueueSize=500}
11:22:28.102 [cluster-ClusterId{value='61bc56d3297d0a7ce605304c', description='null'}-127.0.0.1:27017] INFO  org.mongodb.driver.connection - Opened connection [connectionId{localValue:1, serverValue:49}] to 127.0.0.1:27017
11:22:28.113 [cluster-ClusterId{value='61bc56d3297d0a7ce605304c', description='null'}-127.0.0.1:27017] INFO  org.mongodb.driver.cluster - Monitor thread successfully connected to server with description ServerDescription{address=127.0.0.1:27017, type=STANDALONE, state=CONNECTED, ok=true, version=ServerVersion{versionList=[5, 0, 2]}, minWireVersion=0, maxWireVersion=13, maxDocumentSize=16777216, logicalSessionTimeoutMinutes=30, roundTripTimeNanos=7679800}
11:22:31.709 [Test worker] INFO  o.s.c.f.c.c.BeanFactoryAwareFunctionRegistry - Can't determine default function definition. Please use 'spring.cloud.function.definition' property to explicitly define it.
11:22:32.250 [Test worker] INFO  o.s.i.endpoint.EventDrivenConsumer - Adding {logging-channel-adapter:_org.springframework.integration.errorLogger} as a subscriber to the 'errorChannel' channel
11:22:32.251 [Test worker] INFO  o.s.i.c.PublishSubscribeChannel - Channel 'application.errorChannel' has 1 subscriber(s).
11:22:32.252 [Test worker] INFO  o.s.i.endpoint.EventDrivenConsumer - started bean '_org.springframework.integration.errorLogger'
11:22:32.285 [Test worker] INFO  c.p.by.yevhen.app.CosmosDBTest - Started CosmosDBTest in 8.736 seconds (JVM running for 41.081)
11:22:34.744 [Test worker] INFO  org.mongodb.driver.connection - Opened connection [connectionId{localValue:2, serverValue:50}] to 127.0.0.1:27017
]]></system-out>
  <system-err><![CDATA[]]></system-err>
</testsuite>
